2019-01-06 20:44:52 INFO  - class [com.seven.articleblog.ArticleBlogApplication] - Starting ArticleBlogApplication on LAPTOP-2N01GQB7 with PID 7424 (C:\Users\wgz\IDEA\parent-blog\article-blog\target\classes started by wgz in C:\Users\wgz\IDEA\parent-blog)
2019-01-06 20:44:52 INFO  - class [com.seven.articleblog.ArticleBlogApplication] - No active profile set, falling back to default profiles: default
2019-01-06 20:44:53 INFO  - class [org.springframework.data.repository.config.RepositoryConfigurationDelegate] - Multiple Spring Data modules found, entering strict repository configuration mode!
2019-01-06 20:44:53 INFO  - class [org.springframework.data.repository.config.RepositoryConfigurationDelegate] - Bootstrapping Spring Data repositories in DEFAULT mode.
2019-01-06 20:44:53 INFO  - class [org.springframework.data.repository.config.RepositoryConfigurationDelegate] - Finished Spring Data repository scanning in 22ms. Found 0 repository interfaces.
2019-01-06 20:44:53 INFO  - class [org.springframework.context.support.PostProcessorRegistrationDelegate$BeanPostProcessorChecker] - Bean 'org.springframework.amqp.rabbit.annotation.RabbitBootstrapConfiguration' of type [org.springframework.amqp.rabbit.annotation.RabbitBootstrapConfiguration$$EnhancerBySpringCGLIB$$1059f65e] is not eligible for getting processed by all BeanPostProcessors (for example: not eligible for auto-proxying)
2019-01-06 20:44:54 INFO  - class [org.springframework.context.support.PostProcessorRegistrationDelegate$BeanPostProcessorChecker] - Bean 'org.springframework.transaction.annotation.ProxyTransactionManagementConfiguration' of type [org.springframework.transaction.annotation.ProxyTransactionManagementConfiguration$$EnhancerBySpringCGLIB$$49ee3830] is not eligible for getting processed by all BeanPostProcessors (for example: not eligible for auto-proxying)
2019-01-06 20:44:54 INFO  - class [org.springframework.boot.web.embedded.tomcat.TomcatWebServer] - Tomcat initialized with port(s): 9005 (http)
2019-01-06 20:44:54 INFO  - class [org.apache.coyote.http11.Http11NioProtocol] - Initializing ProtocolHandler ["http-nio-9005"]
2019-01-06 20:44:54 INFO  - class [org.apache.catalina.core.StandardService] - Starting service [Tomcat]
2019-01-06 20:44:54 INFO  - class [org.apache.catalina.core.StandardEngine] - Starting Servlet Engine: Apache Tomcat/9.0.12
2019-01-06 20:44:54 INFO  - class [org.apache.catalina.core.AprLifecycleListener] - The APR based Apache Tomcat Native library which allows optimal performance in production environments was not found on the java.library.path: [C:\Program Files\Java\jdk1.8.0_192\bin;C:\WINDOWS\Sun\Java\bin;C:\WINDOWS\system32;C:\WINDOWS;C:\ProgramData\Boxstarter;C:\Program Files (x86)\Common Files\Oracle\Java\javapath;C:\ProgramData\Oracle\Java\javapath;C:\WINDOWS\system32;C:\WINDOWS;C:\WINDOWS\System32\Wbem;C:\WINDOWS\System32\WindowsPowerShell\v1.0\;C:\Program Files\Intel\WiFi\bin\;C:\Program Files\Common Files\Intel\WirelessCommon\;";C:\Program Files\Java\jdk1.7.0_79\bin;C:\Program Files\Java\jdk1.7.0_79\jre\bin;C:\Program Files\TortoiseSVN\bin;D:\apache-maven-3.5.3\bin\bin;C:\WINDOWS\System32\OpenSSH\;C:\Program Files\Git\cmd";D:\apache-maven-3.5.3\bin;D:\nodejs\;C:\ProgramData\chocolatey\bin;;C:\Android;C:\Windows\System32;C:\Users\wgz\AppData\Local\Microsoft\WindowsApps;C:\Users\wgz\AppData\Roaming\npm;.]
2019-01-06 20:44:54 INFO  - class [org.apache.catalina.core.ContainerBase.[Tomcat].[localhost].[/]] - Initializing Spring embedded WebApplicationContext
2019-01-06 20:44:54 INFO  - class [org.springframework.web.context.ContextLoader] - Root WebApplicationContext: initialization completed in 2324 ms
2019-01-06 20:44:54 INFO  - class [org.springframework.boot.web.servlet.ServletRegistrationBean] - Servlet statViewServlet mapped to [/druid/*]
2019-01-06 20:44:54 INFO  - class [org.springframework.boot.web.servlet.ServletRegistrationBean] - Servlet dispatcherServlet mapped to [/]
2019-01-06 20:44:54 INFO  - class [org.springframework.boot.web.servlet.ServletRegistrationBean] - Servlet statViewServlet mapped to [/druid/*]
2019-01-06 20:44:54 INFO  - class [org.springframework.boot.web.servlet.RegistrationBean] - Servlet statViewServlet was not registered (possibly already registered?)
2019-01-06 20:44:54 INFO  - class [org.springframework.boot.web.servlet.FilterRegistrationBean] - Mapping filter: 'characterEncodingFilter' to: [/*]
2019-01-06 20:44:54 INFO  - class [org.springframework.boot.web.servlet.FilterRegistrationBean] - Mapping filter: 'hiddenHttpMethodFilter' to: [/*]
2019-01-06 20:44:54 INFO  - class [org.springframework.boot.web.servlet.FilterRegistrationBean] - Mapping filter: 'formContentFilter' to: [/*]
2019-01-06 20:44:54 INFO  - class [org.springframework.boot.web.servlet.FilterRegistrationBean] - Mapping filter: 'requestContextFilter' to: [/*]
2019-01-06 20:44:54 INFO  - class [org.springframework.boot.web.servlet.FilterRegistrationBean] - Mapping filter: 'webStatFilter' to urls: [/*]
2019-01-06 20:44:54 INFO  - class [org.springframework.boot.web.servlet.RegistrationBean] - Filter webStatFilter was not registered (possibly already registered?)
2019-01-06 20:44:57 INFO  - class [com.alibaba.druid.pool.DruidDataSource] - {dataSource-1} inited
2019-01-06 20:44:58 INFO  - class [org.springframework.scheduling.concurrent.ThreadPoolTaskExecutor] - Initializing ExecutorService 'applicationTaskExecutor'
2019-01-06 20:44:59 INFO  - class [org.apache.coyote.http11.Http11NioProtocol] - Starting ProtocolHandler ["http-nio-9005"]
2019-01-06 20:44:59 INFO  - class [org.apache.tomcat.util.net.NioSelectorPool] - Using a shared selector for servlet write/read
2019-01-06 20:44:59 INFO  - class [org.springframework.boot.web.embedded.tomcat.TomcatWebServer] - Tomcat started on port(s): 9005 (http) with context path ''
2019-01-06 20:44:59 INFO  - class [com.seven.articleblog.ArticleBlogApplication] - Started ArticleBlogApplication in 8.762 seconds (JVM running for 10.115)
2019-01-06 20:45:02 INFO  - class [org.springframework.scheduling.concurrent.ThreadPoolTaskExecutor] - Shutting down ExecutorService 'applicationTaskExecutor'
2019-01-06 20:45:02 INFO  - class [com.alibaba.druid.pool.DruidDataSource] - {dataSource-1} closed
